# JRE version: Java(TM) SE Runtime Environment (8.0_144-b01) (build 1.8.0_144-b01)
# Java VM: Java HotSpot(TM) 64-Bit Server VM (25.144-b01 mixed mode linux-amd64 compressed oops)
Heap:
 PSYoungGen      total 439296K, used 9568K [0x00000000d9780000, 0x00000000f5700000, 0x0000000100000000)
  eden space 425472K, 0% used [0x00000000d9780000,0x00000000d9780000,0x00000000f3700000)
  from space 13824K, 69% used [0x00000000f3700000,0x00000000f4058000,0x00000000f4480000)
  to   space 13824K, 0% used [0x00000000f4480000,0x00000000f4480000,0x00000000f5200000)
 ParOldGen       total 57344K, used 22172K [0x000000008c600000, 0x000000008fe00000, 0x00000000d9780000)
  object space 57344K, 38% used [0x000000008c600000,0x000000008dba7000,0x000000008fe00000)
 Metaspace       used 30978K, capacity 31750K, committed 31872K, reserved 1077248K
  class space    used 4013K, capacity 4218K, committed 4224K, reserved 1048576K
GC Heap History (10 events):
Event: 11,653 GC heap after
Heap after GC invocations=7 (full 1):
 PSYoungGen      total 204288K, used 8992K [0x00000000d9780000, 0x00000000e6d80000, 0x0000000100000000)
  eden space 191488K, 0% used [0x00000000d9780000,0x00000000d9780000,0x00000000e5280000)
  from space 12800K, 70% used [0x00000000e5f00000,0x00000000e67c8010,0x00000000e6b80000)
  to   space 12800K, 0% used [0x00000000e5280000,0x00000000e5280000,0x00000000e5f00000)
 ParOldGen       total 57344K, used 15393K [0x000000008c600000, 0x000000008fe00000, 0x00000000d9780000)
  object space 57344K, 26% used [0x000000008c600000,0x000000008d5086c8,0x000000008fe00000)
 Metaspace       used 30885K, capacity 31616K, committed 31872K, reserved 1077248K
  class space    used 4009K, capacity 4217K, committed 4224K, reserved 1048576K
}
Event: 12,827 GC heap before
{Heap before GC invocations=8 (full 1):
 PSYoungGen      total 204288K, used 200480K [0x00000000d9780000, 0x00000000e6d80000, 0x0000000100000000)
  eden space 191488K, 100% used [0x00000000d9780000,0x00000000e5280000,0x00000000e5280000)
  from space 12800K, 70% used [0x00000000e5f00000,0x00000000e67c8010,0x00000000e6b80000)
  to   space 12800K, 0% used [0x00000000e5280000,0x00000000e5280000,0x00000000e5f00000)
 ParOldGen       total 57344K, used 15393K [0x000000008c600000, 0x000000008fe00000, 0x00000000d9780000)
  object space 57344K, 26% used [0x000000008c600000,0x000000008d5086c8,0x000000008fe00000)
 Metaspace       used 30920K, capacity 31680K, committed 31872K, reserved 1077248K
  class space    used 4009K, capacity 4217K, committed 4224K, reserved 1048576K
Event: 12,875 GC heap after
Heap after GC invocations=8 (full 1):
 PSYoungGen      total 204288K, used 10752K [0x00000000d9780000, 0x00000000ee380000, 0x0000000100000000)
  eden space 191488K, 0% used [0x00000000d9780000,0x00000000d9780000,0x00000000e5280000)
  from space 12800K, 84% used [0x00000000e5280000,0x00000000e5d00030,0x00000000e5f00000)
  to   space 13824K, 0% used [0x00000000ed600000,0x00000000ed600000,0x00000000ee380000)
 ParOldGen       total 57344K, used 15401K [0x000000008c600000, 0x000000008fe00000, 0x00000000d9780000)
  object space 57344K, 26% used [0x000000008c600000,0x000000008d50a6c8,0x000000008fe00000)
 Metaspace       used 30920K, capacity 31680K, committed 31872K, reserved 1077248K
  class space    used 4009K, capacity 4217K, committed 4224K, reserved 1048576K
}
Event: 14,001 GC heap before
{Heap before GC invocations=9 (full 1):
 PSYoungGen      total 204288K, used 202240K [0x00000000d9780000, 0x00000000ee380000, 0x0000000100000000)
  eden space 191488K, 100% used [0x00000000d9780000,0x00000000e5280000,0x00000000e5280000)
  from space 12800K, 84% used [0x00000000e5280000,0x00000000e5d00030,0x00000000e5f00000)
  to   space 13824K, 0% used [0x00000000ed600000,0x00000000ed600000,0x00000000ee380000)
 ParOldGen       total 57344K, used 15401K [0x000000008c600000, 0x000000008fe00000, 0x00000000d9780000)
  object space 57344K, 26% used [0x000000008c600000,0x000000008d50a6c8,0x000000008fe00000)
 Metaspace       used 30923K, capacity 31680K, committed 31872K, reserved 1077248K
  class space    used 4009K, capacity 4217K, committed 4224K, reserved 1048576K
Event: 14,073 GC heap after
Heap after GC invocations=9 (full 1):
 PSYoungGen      total 325632K, used 11184K [0x00000000d9780000, 0x00000000eec00000, 0x0000000100000000)
  eden space 311808K, 0% used [0x00000000d9780000,0x00000000d9780000,0x00000000ec800000)
  from space 13824K, 80% used [0x00000000ed600000,0x00000000ee0ec020,0x00000000ee380000)
  to   space 14336K, 0% used [0x00000000ec800000,0x00000000ec800000,0x00000000ed600000)
 ParOldGen       total 57344K, used 15401K [0x000000008c600000, 0x000000008fe00000, 0x00000000d9780000)
  object space 57344K, 26% used [0x000000008c600000,0x000000008d50a6c8,0x000000008fe00000)
 Metaspace       used 30923K, capacity 31680K, committed 31872K, reserved 1077248K
  class space    used 4009K, capacity 4217K, committed 4224K, reserved 1048576K
}
Event: 129,534 GC heap before
{Heap before GC invocations=10 (full 1):
 PSYoungGen      total 325632K, used 322992K [0x00000000d9780000, 0x00000000eec00000, 0x0000000100000000)
  eden space 311808K, 100% used [0x00000000d9780000,0x00000000ec800000,0x00000000ec800000)
  from space 13824K, 80% used [0x00000000ed600000,0x00000000ee0ec020,0x00000000ee380000)
  to   space 14336K, 0% used [0x00000000ec800000,0x00000000ec800000,0x00000000ed600000)
 ParOldGen       total 57344K, used 15401K [0x000000008c600000, 0x000000008fe00000, 0x00000000d9780000)
  object space 57344K, 26% used [0x000000008c600000,0x000000008d50a6c8,0x000000008fe00000)
 Metaspace       used 30951K, capacity 31680K, committed 31872K, reserved 1077248K
  class space    used 4009K, capacity 4217K, committed 4224K, reserved 1048576K
Event: 129,623 GC heap after
Heap after GC invocations=10 (full 1):
 PSYoungGen      total 326144K, used 7776K [0x00000000d9780000, 0x00000000f5200000, 0x0000000100000000)
  eden space 311808K, 0% used [0x00000000d9780000,0x00000000d9780000,0x00000000ec800000)
  from space 14336K, 54% used [0x00000000ec800000,0x00000000ecf98000,0x00000000ed600000)
  to   space 13824K, 0% used [0x00000000f4480000,0x00000000f4480000,0x00000000f5200000)
 ParOldGen       total 57344K, used 21668K [0x000000008c600000, 0x000000008fe00000, 0x00000000d9780000)
  object space 57344K, 37% used [0x000000008c600000,0x000000008db29000,0x000000008fe00000)
 Metaspace       used 30951K, capacity 31680K, committed 31872K, reserved 1077248K
  class space    used 4009K, capacity 4217K, committed 4224K, reserved 1048576K
}
Event: 133,513 GC heap before
{Heap before GC invocations=11 (full 1):
 PSYoungGen      total 326144K, used 319584K [0x00000000d9780000, 0x00000000f5200000, 0x0000000100000000)
  eden space 311808K, 100% used [0x00000000d9780000,0x00000000ec800000,0x00000000ec800000)
  from space 14336K, 54% used [0x00000000ec800000,0x00000000ecf98000,0x00000000ed600000)
  to   space 13824K, 0% used [0x00000000f4480000,0x00000000f4480000,0x00000000f5200000)
 ParOldGen       total 57344K, used 21668K [0x000000008c600000, 0x000000008fe00000, 0x00000000d9780000)
  object space 57344K, 37% used [0x000000008c600000,0x000000008db29000,0x000000008fe00000)
 Metaspace       used 30955K, capacity 31686K, committed 31872K, reserved 1077248K
  class space    used 4010K, capacity 4218K, committed 4224K, reserved 1048576K
Event: 133,854 GC heap after
Heap after GC invocations=11 (full 1):
 PSYoungGen      total 439296K, used 7200K [0x00000000d9780000, 0x00000000f5700000, 0x0000000100000000)
  eden space 425472K, 0% used [0x00000000d9780000,0x00000000d9780000,0x00000000f3700000)
  from space 13824K, 52% used [0x00000000f4480000,0x00000000f4b88000,0x00000000f5200000)
  to   space 13824K, 0% used [0x00000000f3700000,0x00000000f3700000,0x00000000f4480000)
 ParOldGen       total 57344K, used 22092K [0x000000008c600000, 0x000000008fe00000, 0x00000000d9780000)
  object space 57344K, 38% used [0x000000008c600000,0x000000008db93000,0x000000008fe00000)
 Metaspace       used 30955K, capacity 31686K, committed 31872K, reserved 1077248K
  class space    used 4010K, capacity 4218K, committed 4224K, reserved 1048576K
}
Event: 272,948 GC heap before
{Heap before GC invocations=12 (full 1):
 PSYoungGen      total 439296K, used 432672K [0x00000000d9780000, 0x00000000f5700000, 0x0000000100000000)
  eden space 425472K, 100% used [0x00000000d9780000,0x00000000f3700000,0x00000000f3700000)
  from space 13824K, 52% used [0x00000000f4480000,0x00000000f4b88000,0x00000000f5200000)
  to   space 13824K, 0% used [0x00000000f3700000,0x00000000f3700000,0x00000000f4480000)
 ParOldGen       total 57344K, used 22092K [0x000000008c600000, 0x000000008fe00000, 0x00000000d9780000)
  object space 57344K, 38% used [0x000000008c600000,0x000000008db93000,0x000000008fe00000)
 Metaspace       used 30978K, capacity 31750K, committed 31872K, reserved 1077248K
  class space    used 4013K, capacity 4218K, committed 4224K, reserved 1048576K

