# JRE version: Java(TM) SE Runtime Environment (8.0_144-b01) (build 1.8.0_144-b01)
# Java VM: Java HotSpot(TM) 64-Bit Server VM (25.144-b01 mixed mode linux-amd64 compressed oops)
Heap:
 PSYoungGen      total 613888K, used 570381K [0x00000000d9780000, 0x0000000100000000, 0x0000000100000000)
  eden space 596480K, 95% used [0x00000000d9780000,0x00000000fc4837a0,0x00000000fde00000)
  from space 17408K, 0% used [0x00000000fde00000,0x00000000fde00000,0x00000000fef00000)
  to   space 17408K, 0% used [0x00000000fef00000,0x00000000fef00000,0x0000000100000000)
 ParOldGen       total 80384K, used 20502K [0x000000008c600000, 0x0000000091480000, 0x00000000d9780000)
  object space 80384K, 25% used [0x000000008c600000,0x000000008da05a40,0x0000000091480000)
 Metaspace       used 42439K, capacity 43896K, committed 43992K, reserved 1087488K
  class space    used 5793K, capacity 6105K, committed 6144K, reserved 1048576K
GC Heap History (10 events):
Event: 9,731 GC heap before
{Heap before GC invocations=21 (full 1):
 PSYoungGen      total 614912K, used 614688K [0x00000000d9780000, 0x0000000100000000, 0x0000000100000000)
  eden space 601600K, 100% used [0x00000000d9780000,0x00000000fe300000,0x00000000fe300000)
  from space 13312K, 98% used [0x00000000fe300000,0x00000000fefc8000,0x00000000ff000000)
  to   space 15872K, 0% used [0x00000000ff080000,0x00000000ff080000,0x0000000100000000)
 ParOldGen       total 55296K, used 21484K [0x000000008c600000, 0x000000008fc00000, 0x00000000d9780000)
  object space 55296K, 38% used [0x000000008c600000,0x000000008dafb0d0,0x000000008fc00000)
 Metaspace       used 30171K, capacity 30970K, committed 31360K, reserved 1077248K
  class space    used 3910K, capacity 4152K, committed 4224K, reserved 1048576K
Event: 9,753 GC heap after
Heap after GC invocations=21 (full 1):
 PSYoungGen      total 613376K, used 12880K [0x00000000d9780000, 0x0000000100000000, 0x0000000100000000)
  eden space 597504K, 0% used [0x00000000d9780000,0x00000000d9780000,0x00000000fdf00000)
  from space 15872K, 81% used [0x00000000ff080000,0x00000000ffd14010,0x0000000100000000)
  to   space 16896K, 0% used [0x00000000fdf00000,0x00000000fdf00000,0x00000000fef80000)
 ParOldGen       total 55296K, used 21676K [0x000000008c600000, 0x000000008fc00000, 0x00000000d9780000)
  object space 55296K, 39% used [0x000000008c600000,0x000000008db2b0e0,0x000000008fc00000)
 Metaspace       used 30171K, capacity 30970K, committed 31360K, reserved 1077248K
  class space    used 3910K, capacity 4152K, committed 4224K, reserved 1048576K
}
Event: 10,521 GC heap before
{Heap before GC invocations=22 (full 1):
 PSYoungGen      total 613376K, used 610384K [0x00000000d9780000, 0x0000000100000000, 0x0000000100000000)
  eden space 597504K, 100% used [0x00000000d9780000,0x00000000fdf00000,0x00000000fdf00000)
  from space 15872K, 81% used [0x00000000ff080000,0x00000000ffd14010,0x0000000100000000)
  to   space 16896K, 0% used [0x00000000fdf00000,0x00000000fdf00000,0x00000000fef80000)
 ParOldGen       total 55296K, used 21676K [0x000000008c600000, 0x000000008fc00000, 0x00000000d9780000)
  object space 55296K, 39% used [0x000000008c600000,0x000000008db2b0e0,0x000000008fc00000)
 Metaspace       used 30171K, capacity 30970K, committed 31360K, reserved 1077248K
  class space    used 3910K, capacity 4152K, committed 4224K, reserved 1048576K
Event: 10,544 GC heap after
Heap after GC invocations=22 (full 1):
 PSYoungGen      total 610304K, used 12416K [0x00000000d9780000, 0x0000000100000000, 0x0000000100000000)
  eden space 597504K, 0% used [0x00000000d9780000,0x00000000d9780000,0x00000000fdf00000)
  from space 12800K, 97% used [0x00000000fdf00000,0x00000000feb20000,0x00000000feb80000)
  to   space 17408K, 0% used [0x00000000fef00000,0x00000000fef00000,0x0000000100000000)
 ParOldGen       total 55296K, used 21924K [0x000000008c600000, 0x000000008fc00000, 0x00000000d9780000)
  object space 55296K, 39% used [0x000000008c600000,0x000000008db690f0,0x000000008fc00000)
 Metaspace       used 30171K, capacity 30970K, committed 31360K, reserved 1077248K
  class space    used 3910K, capacity 4152K, committed 4224K, reserved 1048576K
}
Event: 11,332 GC heap before
{Heap before GC invocations=23 (full 1):
 PSYoungGen      total 610304K, used 609920K [0x00000000d9780000, 0x0000000100000000, 0x0000000100000000)
  eden space 597504K, 100% used [0x00000000d9780000,0x00000000fdf00000,0x00000000fdf00000)
  from space 12800K, 97% used [0x00000000fdf00000,0x00000000feb20000,0x00000000feb80000)
  to   space 17408K, 0% used [0x00000000fef00000,0x00000000fef00000,0x0000000100000000)
 ParOldGen       total 55296K, used 21924K [0x000000008c600000, 0x000000008fc00000, 0x00000000d9780000)
  object space 55296K, 39% used [0x000000008c600000,0x000000008db690f0,0x000000008fc00000)
 Metaspace       used 30171K, capacity 30970K, committed 31360K, reserved 1077248K
  class space    used 3910K, capacity 4152K, committed 4224K, reserved 1048576K
Event: 11,351 GC heap after
Heap after GC invocations=23 (full 1):
 PSYoungGen      total 613888K, used 11744K [0x00000000d9780000, 0x0000000100000000, 0x0000000100000000)
  eden space 596480K, 0% used [0x00000000d9780000,0x00000000d9780000,0x00000000fde00000)
  from space 17408K, 67% used [0x00000000fef00000,0x00000000ffa78000,0x0000000100000000)
  to   space 17408K, 0% used [0x00000000fde00000,0x00000000fde00000,0x00000000fef00000)
 ParOldGen       total 55296K, used 22164K [0x000000008c600000, 0x000000008fc00000, 0x00000000d9780000)
  object space 55296K, 40% used [0x000000008c600000,0x000000008dba50f0,0x000000008fc00000)
 Metaspace       used 30171K, capacity 30970K, committed 31360K, reserved 1077248K
  class space    used 3910K, capacity 4152K, committed 4224K, reserved 1048576K
}
Event: 11,874 GC heap before
{Heap before GC invocations=24 (full 1):
 PSYoungGen      total 613888K, used 123214K [0x00000000d9780000, 0x0000000100000000, 0x0000000100000000)
  eden space 596480K, 18% used [0x00000000d9780000,0x00000000e045b9a8,0x00000000fde00000)
  from space 17408K, 67% used [0x00000000fef00000,0x00000000ffa78000,0x0000000100000000)
  to   space 17408K, 0% used [0x00000000fde00000,0x00000000fde00000,0x00000000fef00000)
 ParOldGen       total 55296K, used 22164K [0x000000008c600000, 0x000000008fc00000, 0x00000000d9780000)
  object space 55296K, 40% used [0x000000008c600000,0x000000008dba50f0,0x000000008fc00000)
 Metaspace       used 34371K, capacity 35154K, committed 35416K, reserved 1079296K
  class space    used 4522K, capacity 4728K, committed 4736K, reserved 1048576K
Event: 11,881 GC heap after
Heap after GC invocations=24 (full 1):
 PSYoungGen      total 613888K, used 6619K [0x00000000d9780000, 0x0000000100000000, 0x0000000100000000)
  eden space 596480K, 0% used [0x00000000d9780000,0x00000000d9780000,0x00000000fde00000)
  from space 17408K, 38% used [0x00000000fde00000,0x00000000fe476ed8,0x00000000fef00000)
  to   space 17408K, 0% used [0x00000000fef00000,0x00000000fef00000,0x0000000100000000)
 ParOldGen       total 55296K, used 22572K [0x000000008c600000, 0x000000008fc00000, 0x00000000d9780000)
  object space 55296K, 40% used [0x000000008c600000,0x000000008dc0b100,0x000000008fc00000)
 Metaspace       used 34371K, capacity 35154K, committed 35416K, reserved 1079296K
  class space    used 4522K, capacity 4728K, committed 4736K, reserved 1048576K
}
Event: 11,882 GC heap before
{Heap before GC invocations=25 (full 2):
 PSYoungGen      total 613888K, used 6619K [0x00000000d9780000, 0x0000000100000000, 0x0000000100000000)
  eden space 596480K, 0% used [0x00000000d9780000,0x00000000d9780000,0x00000000fde00000)
  from space 17408K, 38% used [0x00000000fde00000,0x00000000fe476ed8,0x00000000fef00000)
  to   space 17408K, 0% used [0x00000000fef00000,0x00000000fef00000,0x0000000100000000)
 ParOldGen       total 55296K, used 22572K [0x000000008c600000, 0x000000008fc00000, 0x00000000d9780000)
  object space 55296K, 40% used [0x000000008c600000,0x000000008dc0b100,0x000000008fc00000)
 Metaspace       used 34371K, capacity 35154K, committed 35416K, reserved 1079296K
  class space    used 4522K, capacity 4728K, committed 4736K, reserved 1048576K
Event: 11,961 GC heap after
Heap after GC invocations=25 (full 2):
 PSYoungGen      total 613888K, used 0K [0x00000000d9780000, 0x0000000100000000, 0x0000000100000000)
  eden space 596480K, 0% used [0x00000000d9780000,0x00000000d9780000,0x00000000fde00000)
  from space 17408K, 0% used [0x00000000fde00000,0x00000000fde00000,0x00000000fef00000)
  to   space 17408K, 0% used [0x00000000fef00000,0x00000000fef00000,0x0000000100000000)
 ParOldGen       total 80384K, used 20502K [0x000000008c600000, 0x0000000091480000, 0x00000000d9780000)
  object space 80384K, 25% used [0x000000008c600000,0x000000008da05a40,0x0000000091480000)
 Metaspace       used 34371K, capacity 35154K, committed 35416K, reserved 1079296K
  class space    used 4522K, capacity 4728K, committed 4736K, reserved 1048576K
}

