# JRE version: Java(TM) SE Runtime Environment (8.0_144-b01) (build 1.8.0_144-b01)
# Java VM: Java HotSpot(TM) 64-Bit Server VM (25.144-b01 mixed mode linux-amd64 compressed oops)
Heap:
 PSYoungGen      total 355840K, used 268009K [0x00000000d9780000, 0x00000000f5080000, 0x0000000100000000)
  eden space 346624K, 74% used [0x00000000d9780000,0x00000000e949a568,0x00000000eea00000)
  from space 9216K, 95% used [0x00000000f3700000,0x00000000f3fa0020,0x00000000f4000000)
  to   space 16896K, 0% used [0x00000000f4000000,0x00000000f4000000,0x00000000f5080000)
 ParOldGen       total 74240K, used 42937K [0x000000008c600000, 0x0000000090e80000, 0x00000000d9780000)
  object space 74240K, 57% used [0x000000008c600000,0x000000008efee538,0x0000000090e80000)
 Metaspace       used 39407K, capacity 40720K, committed 40920K, reserved 1085440K
  class space    used 5261K, capacity 5565K, committed 5592K, reserved 1048576K
GC Heap History (10 events):
Event: 106,686 GC heap before
{Heap before GC invocations=21 (full 2):
 PSYoungGen      total 441344K, used 441312K [0x00000000d9780000, 0x00000000f7c80000, 0x0000000100000000)
  eden space 433664K, 100% used [0x00000000d9780000,0x00000000f3f00000,0x00000000f3f00000)
  from space 7680K, 99% used [0x00000000f7500000,0x00000000f7c78020,0x00000000f7c80000)
  to   space 21504K, 0% used [0x00000000f5280000,0x00000000f5280000,0x00000000f6780000)
 ParOldGen       total 74240K, used 42797K [0x000000008c600000, 0x0000000090e80000, 0x00000000d9780000)
  object space 74240K, 57% used [0x000000008c600000,0x000000008efcb630,0x0000000090e80000)
 Metaspace       used 39340K, capacity 40714K, committed 40920K, reserved 1085440K
  class space    used 5258K, capacity 5564K, committed 5592K, reserved 1048576K
Event: 106,697 GC heap after
Heap after GC invocations=21 (full 2):
 PSYoungGen      total 424448K, used 9248K [0x00000000d9780000, 0x00000000f7580000, 0x0000000100000000)
  eden space 414720K, 0% used [0x00000000d9780000,0x00000000d9780000,0x00000000f2c80000)
  from space 9728K, 95% used [0x00000000f5280000,0x00000000f5b88020,0x00000000f5c00000)
  to   space 20480K, 0% used [0x00000000f6180000,0x00000000f6180000,0x00000000f7580000)
 ParOldGen       total 74240K, used 42837K [0x000000008c600000, 0x0000000090e80000, 0x00000000d9780000)
  object space 74240K, 57% used [0x000000008c600000,0x000000008efd5630,0x0000000090e80000)
 Metaspace       used 39340K, capacity 40714K, committed 40920K, reserved 1085440K
  class space    used 5258K, capacity 5564K, committed 5592K, reserved 1048576K
}
Event: 110,930 GC heap before
{Heap before GC invocations=22 (full 2):
 PSYoungGen      total 424448K, used 423968K [0x00000000d9780000, 0x00000000f7580000, 0x0000000100000000)
  eden space 414720K, 100% used [0x00000000d9780000,0x00000000f2c80000,0x00000000f2c80000)
  from space 9728K, 95% used [0x00000000f5280000,0x00000000f5b88020,0x00000000f5c00000)
  to   space 20480K, 0% used [0x00000000f6180000,0x00000000f6180000,0x00000000f7580000)
 ParOldGen       total 74240K, used 42842K [0x000000008c600000, 0x0000000090e80000, 0x00000000d9780000)
  object space 74240K, 57% used [0x000000008c600000,0x000000008efd6800,0x0000000090e80000)
 Metaspace       used 39340K, capacity 40714K, committed 40920K, reserved 1085440K
  class space    used 5258K, capacity 5564K, committed 5592K, reserved 1048576K
Event: 110,940 GC heap after
Heap after GC invocations=22 (full 2):
 PSYoungGen      total 406016K, used 9216K [0x00000000d9780000, 0x00000000f6b00000, 0x0000000100000000)
  eden space 396288K, 0% used [0x00000000d9780000,0x00000000d9780000,0x00000000f1a80000)
  from space 9728K, 94% used [0x00000000f6180000,0x00000000f6a80020,0x00000000f6b00000)
  to   space 19456K, 0% used [0x00000000f4500000,0x00000000f4500000,0x00000000f5800000)
 ParOldGen       total 74240K, used 42842K [0x000000008c600000, 0x0000000090e80000, 0x00000000d9780000)
  object space 74240K, 57% used [0x000000008c600000,0x000000008efd6800,0x0000000090e80000)
 Metaspace       used 39340K, capacity 40714K, committed 40920K, reserved 1085440K
  class space    used 5258K, capacity 5564K, committed 5592K, reserved 1048576K
}
Event: 115,101 GC heap before
{Heap before GC invocations=23 (full 2):
 PSYoungGen      total 406016K, used 405504K [0x00000000d9780000, 0x00000000f6b00000, 0x0000000100000000)
  eden space 396288K, 100% used [0x00000000d9780000,0x00000000f1a80000,0x00000000f1a80000)
  from space 9728K, 94% used [0x00000000f6180000,0x00000000f6a80020,0x00000000f6b00000)
  to   space 19456K, 0% used [0x00000000f4500000,0x00000000f4500000,0x00000000f5800000)
 ParOldGen       total 74240K, used 42852K [0x000000008c600000, 0x0000000090e80000, 0x00000000d9780000)
  object space 74240K, 57% used [0x000000008c600000,0x000000008efd9398,0x0000000090e80000)
 Metaspace       used 39340K, capacity 40714K, committed 40920K, reserved 1085440K
  class space    used 5258K, capacity 5564K, committed 5592K, reserved 1048576K
Event: 115,114 GC heap after
Heap after GC invocations=23 (full 2):
 PSYoungGen      total 388608K, used 9264K [0x00000000d9780000, 0x00000000f6200000, 0x0000000100000000)
  eden space 378880K, 0% used [0x00000000d9780000,0x00000000d9780000,0x00000000f0980000)
  from space 9728K, 95% used [0x00000000f4500000,0x00000000f4e0c030,0x00000000f4e80000)
  to   space 18432K, 0% used [0x00000000f5000000,0x00000000f5000000,0x00000000f6200000)
 ParOldGen       total 74240K, used 42860K [0x000000008c600000, 0x0000000090e80000, 0x00000000d9780000)
  object space 74240K, 57% used [0x000000008c600000,0x000000008efdb398,0x0000000090e80000)
 Metaspace       used 39340K, capacity 40714K, committed 40920K, reserved 1085440K
  class space    used 5258K, capacity 5564K, committed 5592K, reserved 1048576K
}
Event: 119,029 GC heap before
{Heap before GC invocations=24 (full 2):
 PSYoungGen      total 388608K, used 388144K [0x00000000d9780000, 0x00000000f6200000, 0x0000000100000000)
  eden space 378880K, 100% used [0x00000000d9780000,0x00000000f0980000,0x00000000f0980000)
  from space 9728K, 95% used [0x00000000f4500000,0x00000000f4e0c030,0x00000000f4e80000)
  to   space 18432K, 0% used [0x00000000f5000000,0x00000000f5000000,0x00000000f6200000)
 ParOldGen       total 74240K, used 42862K [0x000000008c600000, 0x0000000090e80000, 0x00000000d9780000)
  object space 74240K, 57% used [0x000000008c600000,0x000000008efdb958,0x0000000090e80000)
 Metaspace       used 39365K, capacity 40720K, committed 40920K, reserved 1085440K
  class space    used 5258K, capacity 5565K, committed 5592K, reserved 1048576K
Event: 119,039 GC heap after
Heap after GC invocations=24 (full 2):
 PSYoungGen      total 371712K, used 8768K [0x00000000d9780000, 0x00000000f5900000, 0x0000000100000000)
  eden space 362496K, 0% used [0x00000000d9780000,0x00000000d9780000,0x00000000ef980000)
  from space 9216K, 95% used [0x00000000f5000000,0x00000000f5890020,0x00000000f5900000)
  to   space 17408K, 0% used [0x00000000f3700000,0x00000000f3700000,0x00000000f4800000)
 ParOldGen       total 74240K, used 42870K [0x000000008c600000, 0x0000000090e80000, 0x00000000d9780000)
  object space 74240K, 57% used [0x000000008c600000,0x000000008efdd958,0x0000000090e80000)
 Metaspace       used 39365K, capacity 40720K, committed 40920K, reserved 1085440K
  class space    used 5258K, capacity 5565K, committed 5592K, reserved 1048576K
}
Event: 122,672 GC heap before
{Heap before GC invocations=25 (full 2):
 PSYoungGen      total 371712K, used 371264K [0x00000000d9780000, 0x00000000f5900000, 0x0000000100000000)
  eden space 362496K, 100% used [0x00000000d9780000,0x00000000ef980000,0x00000000ef980000)
  from space 9216K, 95% used [0x00000000f5000000,0x00000000f5890020,0x00000000f5900000)
  to   space 17408K, 0% used [0x00000000f3700000,0x00000000f3700000,0x00000000f4800000)
 ParOldGen       total 74240K, used 42929K [0x000000008c600000, 0x0000000090e80000, 0x00000000d9780000)
  object space 74240K, 57% used [0x000000008c600000,0x000000008efec538,0x0000000090e80000)
 Metaspace       used 39365K, capacity 40720K, committed 40920K, reserved 1085440K
  class space    used 5258K, capacity 5565K, committed 5592K, reserved 1048576K
Event: 122,682 GC heap after
Heap after GC invocations=25 (full 2):
 PSYoungGen      total 355840K, used 8832K [0x00000000d9780000, 0x00000000f5080000, 0x0000000100000000)
  eden space 346624K, 0% used [0x00000000d9780000,0x00000000d9780000,0x00000000eea00000)
  from space 9216K, 95% used [0x00000000f3700000,0x00000000f3fa0020,0x00000000f4000000)
  to   space 16896K, 0% used [0x00000000f4000000,0x00000000f4000000,0x00000000f5080000)
 ParOldGen       total 74240K, used 42937K [0x000000008c600000, 0x0000000090e80000, 0x00000000d9780000)
  object space 74240K, 57% used [0x000000008c600000,0x000000008efee538,0x0000000090e80000)
 Metaspace       used 39365K, capacity 40720K, committed 40920K, reserved 1085440K
  class space    used 5258K, capacity 5565K, committed 5592K, reserved 1048576K
}

