# JRE version: Java(TM) SE Runtime Environment (8.0_144-b01) (build 1.8.0_144-b01)
# Java VM: Java HotSpot(TM) 64-Bit Server VM (25.144-b01 mixed mode linux-amd64 compressed oops)
Heap:
 PSYoungGen      total 337920K, used 269942K [0x00000000d9780000, 0x00000000f5200000, 0x0000000100000000)
  eden space 326144K, 82% used [0x00000000d9780000,0x00000000e9f1d908,0x00000000ed600000)
  from space 11776K, 0% used [0x00000000ed600000,0x00000000ed600000,0x00000000ee180000)
  to   space 11264K, 0% used [0x00000000f4700000,0x00000000f4700000,0x00000000f5200000)
 ParOldGen       total 83968K, used 17767K [0x000000008c600000, 0x0000000091800000, 0x00000000d9780000)
  object space 83968K, 21% used [0x000000008c600000,0x000000008d759df0,0x0000000091800000)
 Metaspace       used 42695K, capacity 44188K, committed 44288K, reserved 1087488K
  class space    used 5824K, capacity 6143K, committed 6144K, reserved 1048576K
GC Heap History (10 events):
Event: 6,686 GC heap before
{Heap before GC invocations=11 (full 1):
 PSYoungGen      total 185856K, used 177472K [0x00000000d9780000, 0x00000000ea000000, 0x0000000100000000)
  eden space 176128K, 100% used [0x00000000d9780000,0x00000000e4380000,0x00000000e4380000)
  from space 9728K, 13% used [0x00000000e4380000,0x00000000e44d0000,0x00000000e4d00000)
  to   space 10752K, 0% used [0x00000000e9580000,0x00000000e9580000,0x00000000ea000000)
 ParOldGen       total 54272K, used 15857K [0x000000008c600000, 0x000000008fb00000, 0x00000000d9780000)
  object space 54272K, 29% used [0x000000008c600000,0x000000008d57c580,0x000000008fb00000)
 Metaspace       used 30070K, capacity 30842K, committed 31104K, reserved 1077248K
  class space    used 3914K, capacity 4152K, committed 4224K, reserved 1048576K
Event: 6,693 GC heap after
Heap after GC invocations=11 (full 1):
 PSYoungGen      total 252928K, used 512K [0x00000000d9780000, 0x00000000e9d00000, 0x0000000100000000)
  eden space 245248K, 0% used [0x00000000d9780000,0x00000000d9780000,0x00000000e8700000)
  from space 7680K, 6% used [0x00000000e9580000,0x00000000e9600000,0x00000000e9d00000)
  to   space 11264K, 0% used [0x00000000e8700000,0x00000000e8700000,0x00000000e9200000)
 ParOldGen       total 54272K, used 16869K [0x000000008c600000, 0x000000008fb00000, 0x00000000d9780000)
  object space 54272K, 31% used [0x000000008c600000,0x000000008d6797d0,0x000000008fb00000)
 Metaspace       used 30070K, capacity 30842K, committed 31104K, reserved 1077248K
  class space    used 3914K, capacity 4152K, committed 4224K, reserved 1048576K
}
Event: 7,536 GC heap before
{Heap before GC invocations=12 (full 1):
 PSYoungGen      total 252928K, used 245760K [0x00000000d9780000, 0x00000000e9d00000, 0x0000000100000000)
  eden space 245248K, 100% used [0x00000000d9780000,0x00000000e8700000,0x00000000e8700000)
  from space 7680K, 6% used [0x00000000e9580000,0x00000000e9600000,0x00000000e9d00000)
  to   space 11264K, 0% used [0x00000000e8700000,0x00000000e8700000,0x00000000e9200000)
 ParOldGen       total 54272K, used 16869K [0x000000008c600000, 0x000000008fb00000, 0x00000000d9780000)
  object space 54272K, 31% used [0x000000008c600000,0x000000008d6797d0,0x000000008fb00000)
 Metaspace       used 30074K, capacity 30842K, committed 31104K, reserved 1077248K
  class space    used 3914K, capacity 4152K, committed 4224K, reserved 1048576K
Event: 7,542 GC heap after
Heap after GC invocations=12 (full 1):
 PSYoungGen      total 256512K, used 320K [0x00000000d9780000, 0x00000000ef580000, 0x0000000100000000)
  eden space 245248K, 0% used [0x00000000d9780000,0x00000000d9780000,0x00000000e8700000)
  from space 11264K, 2% used [0x00000000e8700000,0x00000000e8750000,0x00000000e9200000)
  to   space 11776K, 0% used [0x00000000eea00000,0x00000000eea00000,0x00000000ef580000)
 ParOldGen       total 54272K, used 17293K [0x000000008c600000, 0x000000008fb00000, 0x00000000d9780000)
  object space 54272K, 31% used [0x000000008c600000,0x000000008d6e37d0,0x000000008fb00000)
 Metaspace       used 30074K, capacity 30842K, committed 31104K, reserved 1077248K
  class space    used 3914K, capacity 4152K, committed 4224K, reserved 1048576K
}
Event: 8,267 GC heap before
{Heap before GC invocations=13 (full 1):
 PSYoungGen      total 256512K, used 245568K [0x00000000d9780000, 0x00000000ef580000, 0x0000000100000000)
  eden space 245248K, 100% used [0x00000000d9780000,0x00000000e8700000,0x00000000e8700000)
  from space 11264K, 2% used [0x00000000e8700000,0x00000000e8750000,0x00000000e9200000)
  to   space 11776K, 0% used [0x00000000eea00000,0x00000000eea00000,0x00000000ef580000)
 ParOldGen       total 54272K, used 17293K [0x000000008c600000, 0x000000008fb00000, 0x00000000d9780000)
  object space 54272K, 31% used [0x000000008c600000,0x000000008d6e37d0,0x000000008fb00000)
 Metaspace       used 30107K, capacity 30906K, committed 31104K, reserved 1077248K
  class space    used 3914K, capacity 4152K, committed 4224K, reserved 1048576K
Event: 8,270 GC heap after
Heap after GC invocations=13 (full 1):
 PSYoungGen      total 329216K, used 288K [0x00000000d9780000, 0x00000000eed00000, 0x0000000100000000)
  eden space 326144K, 0% used [0x00000000d9780000,0x00000000d9780000,0x00000000ed600000)
  from space 3072K, 9% used [0x00000000eea00000,0x00000000eea48000,0x00000000eed00000)
  to   space 11776K, 0% used [0x00000000ed600000,0x00000000ed600000,0x00000000ee180000)
 ParOldGen       total 54272K, used 17557K [0x000000008c600000, 0x000000008fb00000, 0x00000000d9780000)
  object space 54272K, 32% used [0x000000008c600000,0x000000008d7257d0,0x000000008fb00000)
 Metaspace       used 30107K, capacity 30906K, committed 31104K, reserved 1077248K
  class space    used 3914K, capacity 4152K, committed 4224K, reserved 1048576K
}
Event: 10,061 GC heap before
{Heap before GC invocations=14 (full 1):
 PSYoungGen      total 329216K, used 304597K [0x00000000d9780000, 0x00000000eed00000, 0x0000000100000000)
  eden space 326144K, 93% used [0x00000000d9780000,0x00000000ec0ad618,0x00000000ed600000)
  from space 3072K, 9% used [0x00000000eea00000,0x00000000eea48000,0x00000000eed00000)
  to   space 11776K, 0% used [0x00000000ed600000,0x00000000ed600000,0x00000000ee180000)
 ParOldGen       total 54272K, used 17557K [0x000000008c600000, 0x000000008fb00000, 0x00000000d9780000)
  object space 54272K, 32% used [0x000000008c600000,0x000000008d7257d0,0x000000008fb00000)
 Metaspace       used 34460K, capacity 35260K, committed 35416K, reserved 1079296K
  class space    used 4546K, capacity 4763K, committed 4864K, reserved 1048576K
Event: 10,082 GC heap after
Heap after GC invocations=14 (full 1):
 PSYoungGen      total 337920K, used 4527K [0x00000000d9780000, 0x00000000f5200000, 0x0000000100000000)
  eden space 326144K, 0% used [0x00000000d9780000,0x00000000d9780000,0x00000000ed600000)
  from space 11776K, 38% used [0x00000000ed600000,0x00000000eda6bc78,0x00000000ee180000)
  to   space 11264K, 0% used [0x00000000f4700000,0x00000000f4700000,0x00000000f5200000)
 ParOldGen       total 54272K, used 17765K [0x000000008c600000, 0x000000008fb00000, 0x00000000d9780000)
  object space 54272K, 32% used [0x000000008c600000,0x000000008d7597d0,0x000000008fb00000)
 Metaspace       used 34460K, capacity 35260K, committed 35416K, reserved 1079296K
  class space    used 4546K, capacity 4763K, committed 4864K, reserved 1048576K
}
Event: 10,082 GC heap before
{Heap before GC invocations=15 (full 2):
 PSYoungGen      total 337920K, used 4527K [0x00000000d9780000, 0x00000000f5200000, 0x0000000100000000)
  eden space 326144K, 0% used [0x00000000d9780000,0x00000000d9780000,0x00000000ed600000)
  from space 11776K, 38% used [0x00000000ed600000,0x00000000eda6bc78,0x00000000ee180000)
  to   space 11264K, 0% used [0x00000000f4700000,0x00000000f4700000,0x00000000f5200000)
 ParOldGen       total 54272K, used 17765K [0x000000008c600000, 0x000000008fb00000, 0x00000000d9780000)
  object space 54272K, 32% used [0x000000008c600000,0x000000008d7597d0,0x000000008fb00000)
 Metaspace       used 34460K, capacity 35260K, committed 35416K, reserved 1079296K
  class space    used 4546K, capacity 4763K, committed 4864K, reserved 1048576K
Event: 10,241 GC heap after
Heap after GC invocations=15 (full 2):
 PSYoungGen      total 337920K, used 0K [0x00000000d9780000, 0x00000000f5200000, 0x0000000100000000)
  eden space 326144K, 0% used [0x00000000d9780000,0x00000000d9780000,0x00000000ed600000)
  from space 11776K, 0% used [0x00000000ed600000,0x00000000ed600000,0x00000000ee180000)
  to   space 11264K, 0% used [0x00000000f4700000,0x00000000f4700000,0x00000000f5200000)
 ParOldGen       total 83968K, used 17767K [0x000000008c600000, 0x0000000091800000, 0x00000000d9780000)
  object space 83968K, 21% used [0x000000008c600000,0x000000008d759df0,0x0000000091800000)
 Metaspace       used 34460K, capacity 35260K, committed 35416K, reserved 1079296K
  class space    used 4546K, capacity 4763K, committed 4864K, reserved 1048576K
}

